pos/3.jpg 1 0 0 100 100
pos/10.jpg 1 0 0 100 100
pos/1.jpg 1 0 0 100 100
pos/2.jpg 1 0 0 100 100
pos/4.jpg 1 0 0 100 100
pos/5.jpg 1 0 0 100 100
pos/8.jpg 1 0 0 100 100
pos/11.jpg 1 0 0 100 100
pos/7.jpg 1 0 0 100 100
pos/6.jpg 1 0 0 100 100
pos/9.jpg 1 0 0 100 100
pos/11.jpg 1 0 0 100 100
pos/6.jpg 1 0 0 100 100
pos/5.jpg 1 0 0 100 100
pos/10.jpg 1 0 0 100 100
pos/7.jpg 1 0 0 100 100
pos/1.jpg 1 0 0 100 100
pos/2.jpg 1 0 0 100 100
pos/3.jpg 1 0 0 100 100
pos/9.jpg 1 0 0 100 100
pos/4.jpg 1 0 0 100 100
pos/8.jpg 1 0 0 100 100
